<?xml version="1.0" encoding="UTF-8" ?>
<testsuite tests="4" failures="0" name="com.shop.mapper.LaptopMapperTest" time="0" errors="0" skipped="0">
  <properties>
[...]
</properties>
  <testcase classname="com.shop.mapper.LaptopMapperTest" name="testToDto" time="0"/>
  <testcase classname="com.shop.mapper.LaptopMapperTest" name="testFromDto" time="0"/>
  <testcase classname="com.shop.mapper.LaptopMapperTest" name="testToDtoList" time="0"/>
  <testcase classname="com.shop.mapper.LaptopMapperTest" name="testFromDtoList" time="0"/>
</testsuite>